  Complex.cpp
  Liczba.cpp
  LiczbaR.cpp
C:\Users\Paweł\source\repos\OperacjeMatematyczneCPP\OperacjeMatematyczneCPP\LiczbaR.cpp(63,19): warning C4244: 'argument': conversion from 'double' to '_Ty', possible loss of data
          with
          [
              _Ty=int
          ]
C:\Users\Paweł\source\repos\OperacjeMatematyczneCPP\OperacjeMatematyczneCPP\LiczbaR.cpp(65,19): warning C4244: 'argument': conversion from 'double' to '_Ty', possible loss of data
          with
          [
              _Ty=int
          ]
C:\Users\Paweł\source\repos\OperacjeMatematyczneCPP\OperacjeMatematyczneCPP\LiczbaR.cpp(85,15): warning C4244: '=': conversion from 'double' to '_Ty', possible loss of data
          with
          [
              _Ty=int
          ]
C:\Users\Paweł\source\repos\OperacjeMatematyczneCPP\OperacjeMatematyczneCPP\LiczbaR.cpp(86,15): warning C4244: '=': conversion from 'double' to '_Ty', possible loss of data
          with
          [
              _Ty=int
          ]
C:\Users\Paweł\source\repos\OperacjeMatematyczneCPP\OperacjeMatematyczneCPP\LiczbaR.cpp(89,20): warning C4244: 'argument': conversion from 'double' to '_Ty', possible loss of data
          with
          [
              _Ty=int
          ]
C:\Users\Paweł\source\repos\OperacjeMatematyczneCPP\OperacjeMatematyczneCPP\LiczbaR.cpp(90,20): warning C4244: 'argument': conversion from 'double' to '_Ty', possible loss of data
          with
          [
              _Ty=int
          ]
C:\Users\Paweł\source\repos\OperacjeMatematyczneCPP\OperacjeMatematyczneCPP\LiczbaR.cpp(171,19): warning C4244: 'argument': conversion from 'double' to '_Ty', possible loss of data
          with
          [
              _Ty=int
          ]
C:\Users\Paweł\source\repos\OperacjeMatematyczneCPP\OperacjeMatematyczneCPP\LiczbaR.cpp(173,19): warning C4244: 'argument': conversion from 'double' to '_Ty', possible loss of data
          with
          [
              _Ty=int
          ]
C:\Users\Paweł\source\repos\OperacjeMatematyczneCPP\OperacjeMatematyczneCPP\LiczbaR.cpp(207,20): warning C4244: 'argument': conversion from 'double' to '_Ty', possible loss of data
          with
          [
              _Ty=int
          ]
C:\Users\Paweł\source\repos\OperacjeMatematyczneCPP\OperacjeMatematyczneCPP\LiczbaR.cpp(208,20): warning C4244: 'argument': conversion from 'double' to '_Ty', possible loss of data
          with
          [
              _Ty=int
          ]
C:\Users\Paweł\source\repos\OperacjeMatematyczneCPP\OperacjeMatematyczneCPP\LiczbaR.cpp(286,19): warning C4244: 'argument': conversion from 'double' to '_Ty', possible loss of data
          with
          [
              _Ty=int
          ]
C:\Users\Paweł\source\repos\OperacjeMatematyczneCPP\OperacjeMatematyczneCPP\LiczbaR.cpp(288,19): warning C4244: 'argument': conversion from 'double' to '_Ty', possible loss of data
          with
          [
              _Ty=int
          ]
C:\Users\Paweł\source\repos\OperacjeMatematyczneCPP\OperacjeMatematyczneCPP\LiczbaR.cpp(321,20): warning C4244: 'argument': conversion from 'double' to '_Ty', possible loss of data
          with
          [
              _Ty=int
          ]
C:\Users\Paweł\source\repos\OperacjeMatematyczneCPP\OperacjeMatematyczneCPP\LiczbaR.cpp(322,20): warning C4244: 'argument': conversion from 'double' to '_Ty', possible loss of data
          with
          [
              _Ty=int
          ]
C:\Users\Paweł\source\repos\OperacjeMatematyczneCPP\OperacjeMatematyczneCPP\LiczbaR.cpp(483,13): warning C4244: 'return': conversion from 'double' to 'float', possible loss of data
C:\Users\Paweł\source\repos\OperacjeMatematyczneCPP\OperacjeMatematyczneCPP\LiczbaR.cpp(488,13): warning C4244: 'return': conversion from 'double' to 'float', possible loss of data
C:\Users\Paweł\source\repos\OperacjeMatematyczneCPP\OperacjeMatematyczneCPP\LiczbaR.cpp(493,13): warning C4244: 'return': conversion from 'double' to 'float', possible loss of data
C:\Users\Paweł\source\repos\OperacjeMatematyczneCPP\OperacjeMatematyczneCPP\LiczbaR.cpp(498,13): warning C4244: 'return': conversion from 'double' to 'float', possible loss of data
C:\Users\Paweł\source\repos\OperacjeMatematyczneCPP\OperacjeMatematyczneCPP\LiczbaR.cpp(503,13): warning C4244: 'return': conversion from 'double' to 'float', possible loss of data
C:\Users\Paweł\source\repos\OperacjeMatematyczneCPP\OperacjeMatematyczneCPP\LiczbaR.cpp(508,13): warning C4244: 'return': conversion from 'double' to 'float', possible loss of data
C:\Users\Paweł\source\repos\OperacjeMatematyczneCPP\OperacjeMatematyczneCPP\LiczbaR.cpp(513,13): warning C4244: 'return': conversion from 'double' to 'float', possible loss of data
C:\Users\Paweł\source\repos\OperacjeMatematyczneCPP\OperacjeMatematyczneCPP\LiczbaR.cpp(518,13): warning C4244: 'return': conversion from 'double' to 'float', possible loss of data
C:\Users\Paweł\source\repos\OperacjeMatematyczneCPP\OperacjeMatematyczneCPP\LiczbaR.cpp(523,13): warning C4244: 'return': conversion from 'double' to 'float', possible loss of data
  LiczbaZ.cpp
C:\Users\Paweł\source\repos\OperacjeMatematyczneCPP\OperacjeMatematyczneCPP\LiczbaZ.cpp(68,19): warning C4244: 'argument': conversion from 'double' to '_Ty', possible loss of data
          with
          [
              _Ty=int
          ]
C:\Users\Paweł\source\repos\OperacjeMatematyczneCPP\OperacjeMatematyczneCPP\LiczbaZ.cpp(70,19): warning C4244: 'argument': conversion from 'double' to '_Ty', possible loss of data
          with
          [
              _Ty=int
          ]
C:\Users\Paweł\source\repos\OperacjeMatematyczneCPP\OperacjeMatematyczneCPP\LiczbaZ.cpp(91,20): warning C4244: 'argument': conversion from 'double' to '_Ty', possible loss of data
          with
          [
              _Ty=int
          ]
C:\Users\Paweł\source\repos\OperacjeMatematyczneCPP\OperacjeMatematyczneCPP\LiczbaZ.cpp(92,20): warning C4244: 'argument': conversion from 'double' to '_Ty', possible loss of data
          with
          [
              _Ty=int
          ]
C:\Users\Paweł\source\repos\OperacjeMatematyczneCPP\OperacjeMatematyczneCPP\LiczbaZ.cpp(168,19): warning C4244: 'argument': conversion from 'double' to '_Ty', possible loss of data
          with
          [
              _Ty=int
          ]
C:\Users\Paweł\source\repos\OperacjeMatematyczneCPP\OperacjeMatematyczneCPP\LiczbaZ.cpp(170,19): warning C4244: 'argument': conversion from 'double' to '_Ty', possible loss of data
          with
          [
              _Ty=int
          ]
C:\Users\Paweł\source\repos\OperacjeMatematyczneCPP\OperacjeMatematyczneCPP\LiczbaZ.cpp(190,14): warning C4244: '=': conversion from 'double' to '_Ty', possible loss of data
          with
          [
              _Ty=int
          ]
C:\Users\Paweł\source\repos\OperacjeMatematyczneCPP\OperacjeMatematyczneCPP\LiczbaZ.cpp(191,14): warning C4244: '=': conversion from 'double' to '_Ty', possible loss of data
          with
          [
              _Ty=int
          ]
C:\Users\Paweł\source\repos\OperacjeMatematyczneCPP\OperacjeMatematyczneCPP\LiczbaZ.cpp(194,20): warning C4244: 'argument': conversion from 'double' to '_Ty', possible loss of data
          with
          [
              _Ty=int
          ]
C:\Users\Paweł\source\repos\OperacjeMatematyczneCPP\OperacjeMatematyczneCPP\LiczbaZ.cpp(195,20): warning C4244: 'argument': conversion from 'double' to '_Ty', possible loss of data
          with
          [
              _Ty=int
          ]
C:\Users\Paweł\source\repos\OperacjeMatematyczneCPP\OperacjeMatematyczneCPP\LiczbaZ.cpp(270,19): warning C4244: 'argument': conversion from 'double' to '_Ty', possible loss of data
          with
          [
              _Ty=int
          ]
C:\Users\Paweł\source\repos\OperacjeMatematyczneCPP\OperacjeMatematyczneCPP\LiczbaZ.cpp(272,19): warning C4244: 'argument': conversion from 'double' to '_Ty', possible loss of data
          with
          [
              _Ty=int
          ]
C:\Users\Paweł\source\repos\OperacjeMatematyczneCPP\OperacjeMatematyczneCPP\LiczbaZ.cpp(294,20): warning C4244: 'argument': conversion from 'double' to '_Ty', possible loss of data
          with
          [
              _Ty=int
          ]
C:\Users\Paweł\source\repos\OperacjeMatematyczneCPP\OperacjeMatematyczneCPP\LiczbaZ.cpp(295,20): warning C4244: 'argument': conversion from 'double' to '_Ty', possible loss of data
          with
          [
              _Ty=int
          ]
C:\Users\Paweł\source\repos\OperacjeMatematyczneCPP\OperacjeMatematyczneCPP\LiczbaZ.cpp(430,13): warning C4244: 'return': conversion from 'double' to 'float', possible loss of data
C:\Users\Paweł\source\repos\OperacjeMatematyczneCPP\OperacjeMatematyczneCPP\LiczbaZ.cpp(435,13): warning C4244: 'return': conversion from 'double' to 'float', possible loss of data
C:\Users\Paweł\source\repos\OperacjeMatematyczneCPP\OperacjeMatematyczneCPP\LiczbaZ.cpp(440,13): warning C4244: 'return': conversion from 'double' to 'float', possible loss of data
C:\Users\Paweł\source\repos\OperacjeMatematyczneCPP\OperacjeMatematyczneCPP\LiczbaZ.cpp(445,13): warning C4244: 'return': conversion from 'double' to 'float', possible loss of data
C:\Users\Paweł\source\repos\OperacjeMatematyczneCPP\OperacjeMatematyczneCPP\LiczbaZ.cpp(450,13): warning C4244: 'return': conversion from 'double' to 'float', possible loss of data
C:\Users\Paweł\source\repos\OperacjeMatematyczneCPP\OperacjeMatematyczneCPP\LiczbaZ.cpp(455,13): warning C4244: 'return': conversion from 'double' to 'float', possible loss of data
  OperacjeMatematyczneCPP.cpp
  Wyniki.cpp
  Generating Code...
  OperacjeMatematyczneCPP.vcxproj -> C:\Users\Paweł\source\repos\OperacjeMatematyczneCPP\Debug\OperacjeMatematyczneCPP.exe
