c:\users\paweł\documents\github\mathematicaloperationscpp\operacjematematycznecpp\x64\debug\vc143.pdb
c:\users\paweł\documents\github\mathematicaloperationscpp\operacjematematycznecpp\x64\debug\vc143.idb
c:\users\paweł\documents\github\mathematicaloperationscpp\operacjematematycznecpp\x64\debug\wyniki.obj
c:\users\paweł\documents\github\mathematicaloperationscpp\operacjematematycznecpp\x64\debug\operacjematematycznecpp.obj
c:\users\paweł\documents\github\mathematicaloperationscpp\operacjematematycznecpp\x64\debug\liczbaz.obj
c:\users\paweł\documents\github\mathematicaloperationscpp\operacjematematycznecpp\x64\debug\liczbar.obj
c:\users\paweł\documents\github\mathematicaloperationscpp\operacjematematycznecpp\x64\debug\complex.obj
c:\users\paweł\documents\github\mathematicaloperationscpp\operacjematematycznecpp\x64\debug\liczba.obj
c:\users\paweł\documents\github\mathematicaloperationscpp\x64\debug\operacjematematycznecpp.pdb
c:\users\paweł\documents\github\mathematicaloperationscpp\operacjematematycznecpp\x64\debug\operacje.55432f99.tlog\cl.command.1.tlog
c:\users\paweł\documents\github\mathematicaloperationscpp\operacjematematycznecpp\x64\debug\operacje.55432f99.tlog\cl.read.1.tlog
c:\users\paweł\documents\github\mathematicaloperationscpp\operacjematematycznecpp\x64\debug\operacje.55432f99.tlog\cl.write.1.tlog
c:\users\paweł\documents\github\mathematicaloperationscpp\operacjematematycznecpp\x64\debug\operacje.55432f99.tlog\link-cvtres.read.1.tlog
c:\users\paweł\documents\github\mathematicaloperationscpp\operacjematematycznecpp\x64\debug\operacje.55432f99.tlog\link-cvtres.write.1.tlog
c:\users\paweł\documents\github\mathematicaloperationscpp\operacjematematycznecpp\x64\debug\operacje.55432f99.tlog\link-rc.read.1.tlog
c:\users\paweł\documents\github\mathematicaloperationscpp\operacjematematycznecpp\x64\debug\operacje.55432f99.tlog\link-rc.write.1.tlog
c:\users\paweł\documents\github\mathematicaloperationscpp\operacjematematycznecpp\x64\debug\operacje.55432f99.tlog\link.command.1.tlog
c:\users\paweł\documents\github\mathematicaloperationscpp\operacjematematycznecpp\x64\debug\operacje.55432f99.tlog\link.read.1.tlog
c:\users\paweł\documents\github\mathematicaloperationscpp\operacjematematycznecpp\x64\debug\operacje.55432f99.tlog\link.read.2.tlog
c:\users\paweł\documents\github\mathematicaloperationscpp\operacjematematycznecpp\x64\debug\operacje.55432f99.tlog\link.write.1.tlog
