  Complex.cpp
  Liczba.cpp
  LiczbaR.cpp
C:\Users\Paweł\Documents\GitHub\MathematicalOperationsCPP\OperacjeMatematyczneCPP\LiczbaR.cpp(63,19): warning C4244: "argument": konwersja z "double" do "_Ty", możliwa utrata danych
          with
          [
              _Ty=int
          ]
C:\Users\Paweł\Documents\GitHub\MathematicalOperationsCPP\OperacjeMatematyczneCPP\LiczbaR.cpp(65,19): warning C4244: "argument": konwersja z "double" do "_Ty", możliwa utrata danych
          with
          [
              _Ty=int
          ]
C:\Users\Paweł\Documents\GitHub\MathematicalOperationsCPP\OperacjeMatematyczneCPP\LiczbaR.cpp(85,15): warning C4244: "=": konwersja z "double" do "_Ty", możliwa utrata danych
          with
          [
              _Ty=int
          ]
C:\Users\Paweł\Documents\GitHub\MathematicalOperationsCPP\OperacjeMatematyczneCPP\LiczbaR.cpp(86,15): warning C4244: "=": konwersja z "double" do "_Ty", możliwa utrata danych
          with
          [
              _Ty=int
          ]
C:\Users\Paweł\Documents\GitHub\MathematicalOperationsCPP\OperacjeMatematyczneCPP\LiczbaR.cpp(89,20): warning C4244: "argument": konwersja z "double" do "_Ty", możliwa utrata danych
          with
          [
              _Ty=int
          ]
C:\Users\Paweł\Documents\GitHub\MathematicalOperationsCPP\OperacjeMatematyczneCPP\LiczbaR.cpp(90,20): warning C4244: "argument": konwersja z "double" do "_Ty", możliwa utrata danych
          with
          [
              _Ty=int
          ]
C:\Users\Paweł\Documents\GitHub\MathematicalOperationsCPP\OperacjeMatematyczneCPP\LiczbaR.cpp(171,19): warning C4244: "argument": konwersja z "double" do "_Ty", możliwa utrata danych
          with
          [
              _Ty=int
          ]
C:\Users\Paweł\Documents\GitHub\MathematicalOperationsCPP\OperacjeMatematyczneCPP\LiczbaR.cpp(173,19): warning C4244: "argument": konwersja z "double" do "_Ty", możliwa utrata danych
          with
          [
              _Ty=int
          ]
C:\Users\Paweł\Documents\GitHub\MathematicalOperationsCPP\OperacjeMatematyczneCPP\LiczbaR.cpp(207,20): warning C4244: "argument": konwersja z "double" do "_Ty", możliwa utrata danych
          with
          [
              _Ty=int
          ]
C:\Users\Paweł\Documents\GitHub\MathematicalOperationsCPP\OperacjeMatematyczneCPP\LiczbaR.cpp(208,20): warning C4244: "argument": konwersja z "double" do "_Ty", możliwa utrata danych
          with
          [
              _Ty=int
          ]
C:\Users\Paweł\Documents\GitHub\MathematicalOperationsCPP\OperacjeMatematyczneCPP\LiczbaR.cpp(286,19): warning C4244: "argument": konwersja z "double" do "_Ty", możliwa utrata danych
          with
          [
              _Ty=int
          ]
C:\Users\Paweł\Documents\GitHub\MathematicalOperationsCPP\OperacjeMatematyczneCPP\LiczbaR.cpp(288,19): warning C4244: "argument": konwersja z "double" do "_Ty", możliwa utrata danych
          with
          [
              _Ty=int
          ]
C:\Users\Paweł\Documents\GitHub\MathematicalOperationsCPP\OperacjeMatematyczneCPP\LiczbaR.cpp(321,20): warning C4244: "argument": konwersja z "double" do "_Ty", możliwa utrata danych
          with
          [
              _Ty=int
          ]
C:\Users\Paweł\Documents\GitHub\MathematicalOperationsCPP\OperacjeMatematyczneCPP\LiczbaR.cpp(322,20): warning C4244: "argument": konwersja z "double" do "_Ty", możliwa utrata danych
          with
          [
              _Ty=int
          ]
C:\Users\Paweł\Documents\GitHub\MathematicalOperationsCPP\OperacjeMatematyczneCPP\LiczbaR.cpp(483,13): warning C4244: "return": konwersja z "double" do "float", możliwa utrata danych
C:\Users\Paweł\Documents\GitHub\MathematicalOperationsCPP\OperacjeMatematyczneCPP\LiczbaR.cpp(488,13): warning C4244: "return": konwersja z "double" do "float", możliwa utrata danych
C:\Users\Paweł\Documents\GitHub\MathematicalOperationsCPP\OperacjeMatematyczneCPP\LiczbaR.cpp(493,13): warning C4244: "return": konwersja z "double" do "float", możliwa utrata danych
C:\Users\Paweł\Documents\GitHub\MathematicalOperationsCPP\OperacjeMatematyczneCPP\LiczbaR.cpp(498,13): warning C4244: "return": konwersja z "double" do "float", możliwa utrata danych
C:\Users\Paweł\Documents\GitHub\MathematicalOperationsCPP\OperacjeMatematyczneCPP\LiczbaR.cpp(503,13): warning C4244: "return": konwersja z "double" do "float", możliwa utrata danych
C:\Users\Paweł\Documents\GitHub\MathematicalOperationsCPP\OperacjeMatematyczneCPP\LiczbaR.cpp(508,13): warning C4244: "return": konwersja z "double" do "float", możliwa utrata danych
C:\Users\Paweł\Documents\GitHub\MathematicalOperationsCPP\OperacjeMatematyczneCPP\LiczbaR.cpp(513,13): warning C4244: "return": konwersja z "double" do "float", możliwa utrata danych
C:\Users\Paweł\Documents\GitHub\MathematicalOperationsCPP\OperacjeMatematyczneCPP\LiczbaR.cpp(518,13): warning C4244: "return": konwersja z "double" do "float", możliwa utrata danych
C:\Users\Paweł\Documents\GitHub\MathematicalOperationsCPP\OperacjeMatematyczneCPP\LiczbaR.cpp(523,13): warning C4244: "return": konwersja z "double" do "float", możliwa utrata danych
  LiczbaZ.cpp
C:\Users\Paweł\Documents\GitHub\MathematicalOperationsCPP\OperacjeMatematyczneCPP\LiczbaZ.cpp(68,19): warning C4244: "argument": konwersja z "double" do "_Ty", możliwa utrata danych
          with
          [
              _Ty=int
          ]
C:\Users\Paweł\Documents\GitHub\MathematicalOperationsCPP\OperacjeMatematyczneCPP\LiczbaZ.cpp(70,19): warning C4244: "argument": konwersja z "double" do "_Ty", możliwa utrata danych
          with
          [
              _Ty=int
          ]
C:\Users\Paweł\Documents\GitHub\MathematicalOperationsCPP\OperacjeMatematyczneCPP\LiczbaZ.cpp(91,20): warning C4244: "argument": konwersja z "double" do "_Ty", możliwa utrata danych
          with
          [
              _Ty=int
          ]
C:\Users\Paweł\Documents\GitHub\MathematicalOperationsCPP\OperacjeMatematyczneCPP\LiczbaZ.cpp(92,20): warning C4244: "argument": konwersja z "double" do "_Ty", możliwa utrata danych
          with
          [
              _Ty=int
          ]
C:\Users\Paweł\Documents\GitHub\MathematicalOperationsCPP\OperacjeMatematyczneCPP\LiczbaZ.cpp(168,19): warning C4244: "argument": konwersja z "double" do "_Ty", możliwa utrata danych
          with
          [
              _Ty=int
          ]
C:\Users\Paweł\Documents\GitHub\MathematicalOperationsCPP\OperacjeMatematyczneCPP\LiczbaZ.cpp(170,19): warning C4244: "argument": konwersja z "double" do "_Ty", możliwa utrata danych
          with
          [
              _Ty=int
          ]
C:\Users\Paweł\Documents\GitHub\MathematicalOperationsCPP\OperacjeMatematyczneCPP\LiczbaZ.cpp(190,14): warning C4244: "=": konwersja z "double" do "_Ty", możliwa utrata danych
          with
          [
              _Ty=int
          ]
C:\Users\Paweł\Documents\GitHub\MathematicalOperationsCPP\OperacjeMatematyczneCPP\LiczbaZ.cpp(191,14): warning C4244: "=": konwersja z "double" do "_Ty", możliwa utrata danych
          with
          [
              _Ty=int
          ]
C:\Users\Paweł\Documents\GitHub\MathematicalOperationsCPP\OperacjeMatematyczneCPP\LiczbaZ.cpp(194,20): warning C4244: "argument": konwersja z "double" do "_Ty", możliwa utrata danych
          with
          [
              _Ty=int
          ]
C:\Users\Paweł\Documents\GitHub\MathematicalOperationsCPP\OperacjeMatematyczneCPP\LiczbaZ.cpp(195,20): warning C4244: "argument": konwersja z "double" do "_Ty", możliwa utrata danych
          with
          [
              _Ty=int
          ]
C:\Users\Paweł\Documents\GitHub\MathematicalOperationsCPP\OperacjeMatematyczneCPP\LiczbaZ.cpp(270,19): warning C4244: "argument": konwersja z "double" do "_Ty", możliwa utrata danych
          with
          [
              _Ty=int
          ]
C:\Users\Paweł\Documents\GitHub\MathematicalOperationsCPP\OperacjeMatematyczneCPP\LiczbaZ.cpp(272,19): warning C4244: "argument": konwersja z "double" do "_Ty", możliwa utrata danych
          with
          [
              _Ty=int
          ]
C:\Users\Paweł\Documents\GitHub\MathematicalOperationsCPP\OperacjeMatematyczneCPP\LiczbaZ.cpp(294,20): warning C4244: "argument": konwersja z "double" do "_Ty", możliwa utrata danych
          with
          [
              _Ty=int
          ]
C:\Users\Paweł\Documents\GitHub\MathematicalOperationsCPP\OperacjeMatematyczneCPP\LiczbaZ.cpp(295,20): warning C4244: "argument": konwersja z "double" do "_Ty", możliwa utrata danych
          with
          [
              _Ty=int
          ]
C:\Users\Paweł\Documents\GitHub\MathematicalOperationsCPP\OperacjeMatematyczneCPP\LiczbaZ.cpp(430,13): warning C4244: "return": konwersja z "double" do "float", możliwa utrata danych
C:\Users\Paweł\Documents\GitHub\MathematicalOperationsCPP\OperacjeMatematyczneCPP\LiczbaZ.cpp(435,13): warning C4244: "return": konwersja z "double" do "float", możliwa utrata danych
C:\Users\Paweł\Documents\GitHub\MathematicalOperationsCPP\OperacjeMatematyczneCPP\LiczbaZ.cpp(440,13): warning C4244: "return": konwersja z "double" do "float", możliwa utrata danych
C:\Users\Paweł\Documents\GitHub\MathematicalOperationsCPP\OperacjeMatematyczneCPP\LiczbaZ.cpp(445,13): warning C4244: "return": konwersja z "double" do "float", możliwa utrata danych
C:\Users\Paweł\Documents\GitHub\MathematicalOperationsCPP\OperacjeMatematyczneCPP\LiczbaZ.cpp(450,13): warning C4244: "return": konwersja z "double" do "float", możliwa utrata danych
C:\Users\Paweł\Documents\GitHub\MathematicalOperationsCPP\OperacjeMatematyczneCPP\LiczbaZ.cpp(455,13): warning C4244: "return": konwersja z "double" do "float", możliwa utrata danych
  OperacjeMatematyczneCPP.cpp
  Wyniki.cpp
  Generowanie kodu...
  OperacjeMatematyczneCPP.vcxproj -> C:\Users\Paweł\Documents\GitHub\MathematicalOperationsCPP\x64\Debug\OperacjeMatematyczneCPP.exe
